<?xml version="1.0" encoding="UTF-8"?>
<testsuite xmlns:xsi="http://www.w3.org/2001/XMLSchema-instance" xsi:noNamespaceSchemaLocation="https://maven.apache.org/surefire/maven-surefire-plugin/xsd/surefire-test-report-3.0.xsd" version="3.0" name="com.smartlogix.msPedidos.MsPedidosApplicationTests" time="7.889" tests="1" errors="0" skipped="0" failures="0">
  <properties>
[...]
</properties>
  <testcase name="contextLoads" classname="com.smartlogix.msPedidos.MsPedidosApplicationTests" time="0.02">
    <system-out><![CDATA[Standard Commons Logging discovery in action with spring-jcl: please remove commons-logging.jar from classpath in order to avoid potential conflicts
23:14:37.280 [main] INFO org.springframework.test.context.support.AnnotationConfigContextLoaderUtils -- Could not detect default configuration classes for test class [com.smartlogix.msPedidos.MsPedidosApplicationTests]: MsPedidosApplicationTests does not declare any static, non-private, non-final, nested classes annotated with @Configuration.
23:14:37.398 [main] INFO org.springframework.boot.test.context.SpringBootTestContextBootstrapper -- Found @SpringBootConfiguration com.smartlogix.msPedidos.MsPedidosApplication for test class com.smartlogix.msPedidos.MsPedidosApplicationTests
23:14:37.524 [main] INFO org.springframework.boot.devtools.restart.RestartApplicationListener -- Restart disabled due to context in which it is running

  .   ____          _            __ _ _
 /\\ / ___'_ __ _ _(_)_ __  __ _ \ \ \ \
( ( )\___ | '_ | '_| | '_ \/ _` | \ \ \ \
 \\/  ___)| |_)| | | | | || (_| |  ) ) ) )
  '  |____| .__|_| |_|_| |_\__, | / / / /
 =========|_|==============|___/=/_/_/_/

 :: Spring Boot ::                (v3.3.5)

2026-05-18T23:14:37.814-04:00  INFO 34400 --- [msPedidos-test] [           main] c.s.msPedidos.MsPedidosApplicationTests  : Starting MsPedidosApplicationTests using Java 25.0.2 with PID 34400 (started by Gubier in C:\Users\gubif\Documents\GitHub\DESARROLLO-FULLSTACK-III-Evaluaci-n-Parcial-N-2\Backend\smartlogix-parent\Pedidos)
2026-05-18T23:14:37.816-04:00  INFO 34400 --- [msPedidos-test] [           main] c.s.msPedidos.MsPedidosApplicationTests  : No active profile set, falling back to 1 default profile: "default"
2026-05-18T23:14:38.472-04:00  INFO 34400 --- [msPedidos-test] [           main] .s.d.r.c.RepositoryConfigurationDelegate : Bootstrapping Spring Data JPA repositories in DEFAULT mode.
2026-05-18T23:14:38.569-04:00  INFO 34400 --- [msPedidos-test] [           main] .s.d.r.c.RepositoryConfigurationDelegate : Finished Spring Data repository scanning in 90 ms. Found 2 JPA repository interfaces.
2026-05-18T23:14:39.251-04:00  INFO 34400 --- [msPedidos-test] [           main] o.s.cloud.context.scope.GenericScope     : BeanFactory id=221867c4-4f7c-3ee0-a66c-1ec6b46ab696
2026-05-18T23:14:40.220-04:00  WARN 34400 --- [msPedidos-test] [           main] trationDelegate$BeanPostProcessorChecker : Bean 'org.springframework.cloud.client.loadbalancer.LoadBalancerAutoConfiguration$DeferringLoadBalancerInterceptorConfig' of type [org.springframework.cloud.client.loadbalancer.LoadBalancerAutoConfiguration$DeferringLoadBalancerInterceptorConfig] is not eligible for getting processed by all BeanPostProcessors (for example: not eligible for auto-proxying). The currently created BeanPostProcessor [lbRestClientPostProcessor] is declared through a non-static factory method on that class; consider declaring it as static instead.
2026-05-18T23:14:40.226-04:00  WARN 34400 --- [msPedidos-test] [           main] trationDelegate$BeanPostProcessorChecker : Bean 'deferringLoadBalancerInterceptor' of type [org.springframework.cloud.client.loadbalancer.DeferringLoadBalancerInterceptor] is not eligible for getting processed by all BeanPostProcessors (for example: not eligible for auto-proxying). Is this bean getting eagerly injected/applied to a currently created BeanPostProcessor [lbRestClientPostProcessor]? Check the corresponding BeanPostProcessor declaration and its dependencies/advisors. If this bean does not have to be post-processed, declare it with ROLE_INFRASTRUCTURE.
2026-05-18T23:14:40.454-04:00  INFO 34400 --- [msPedidos-test] [           main] o.hibernate.jpa.internal.util.LogHelper  : HHH000204: Processing PersistenceUnitInfo [name: default]
2026-05-18T23:14:40.511-04:00  INFO 34400 --- [msPedidos-test] [           main] org.hibernate.Version                    : HHH000412: Hibernate ORM core version 6.5.3.Final
2026-05-18T23:14:40.549-04:00  INFO 34400 --- [msPedidos-test] [           main] o.h.c.internal.RegionFactoryInitiator    : HHH000026: Second-level cache disabled
2026-05-18T23:14:40.679-04:00  INFO 34400 --- [msPedidos-test] [           main] o.s.o.j.p.SpringPersistenceUnitInfo      : No LoadTimeWeaver setup: ignoring JPA class transformer
2026-05-18T23:14:40.714-04:00  INFO 34400 --- [msPedidos-test] [           main] com.zaxxer.hikari.HikariDataSource       : HikariPool-1 - Starting...
2026-05-18T23:14:40.887-04:00  INFO 34400 --- [msPedidos-test] [           main] com.zaxxer.hikari.pool.HikariPool        : HikariPool-1 - Added connection conn0: url=jdbc:h2:mem:pedidos_test user=SA
2026-05-18T23:14:40.888-04:00  INFO 34400 --- [msPedidos-test] [           main] com.zaxxer.hikari.HikariDataSource       : HikariPool-1 - Start completed.
2026-05-18T23:14:40.909-04:00  WARN 34400 --- [msPedidos-test] [           main] org.hibernate.orm.deprecation            : HHH90000025: H2Dialect does not need to be specified explicitly using 'hibernate.dialect' (remove the property setting and it will be selected by default)
2026-05-18T23:14:41.583-04:00  INFO 34400 --- [msPedidos-test] [           main] o.h.e.t.j.p.i.JtaPlatformInitiator       : HHH000489: No JTA platform available (set 'hibernate.transaction.jta.platform' to enable JTA platform integration)
2026-05-18T23:14:41.627-04:00  INFO 34400 --- [msPedidos-test] [           main] j.LocalContainerEntityManagerFactoryBean : Initialized JPA EntityManagerFactory for persistence unit 'default'
2026-05-18T23:14:42.643-04:00  WARN 34400 --- [msPedidos-test] [           main] JpaBaseConfiguration$JpaWebConfiguration : spring.jpa.open-in-view is enabled by default. Therefore, database queries may be performed during view rendering. Explicitly configure spring.jpa.open-in-view to disable this warning
2026-05-18T23:14:43.348-04:00  INFO 34400 --- [msPedidos-test] [           main] o.s.b.a.e.web.EndpointLinksResolver      : Exposing 4 endpoints beneath base path '/actuator'
2026-05-18T23:14:44.451-04:00  INFO 34400 --- [msPedidos-test] [           main] DiscoveryClientOptionalArgsConfiguration : Eureka HTTP Client uses RestTemplate.
2026-05-18T23:14:44.515-04:00  WARN 34400 --- [msPedidos-test] [           main] iguration$LoadBalancerCaffeineWarnLogger : Spring Cloud LoadBalancer is currently working with the default cache. While this cache implementation is useful for development and tests, it's recommended to use Caffeine cache in production.You can switch to using Caffeine cache, by adding it and org.springframework.cache.caffeine.CaffeineCacheManager to the classpath.
2026-05-18T23:14:44.568-04:00  INFO 34400 --- [msPedidos-test] [           main] o.s.c.n.eureka.InstanceInfoFactory       : Setting initial instance status as: STARTING
2026-05-18T23:14:44.598-04:00  INFO 34400 --- [msPedidos-test] [           main] com.netflix.discovery.DiscoveryClient    : Initializing Eureka in region us-east-1
2026-05-18T23:14:44.602-04:00  INFO 34400 --- [msPedidos-test] [           main] c.n.d.s.r.aws.ConfigClusterResolver      : Resolving eureka endpoints via configuration
2026-05-18T23:14:44.609-04:00  INFO 34400 --- [msPedidos-test] [           main] com.netflix.discovery.DiscoveryClient    : Disable delta property : false
2026-05-18T23:14:44.609-04:00  INFO 34400 --- [msPedidos-test] [           main] com.netflix.discovery.DiscoveryClient    : Single vip registry refresh property : null
2026-05-18T23:14:44.609-04:00  INFO 34400 --- [msPedidos-test] [           main] com.netflix.discovery.DiscoveryClient    : Force full registry fetch : false
2026-05-18T23:14:44.609-04:00  INFO 34400 --- [msPedidos-test] [           main] com.netflix.discovery.DiscoveryClient    : Application is null : false
2026-05-18T23:14:44.609-04:00  INFO 34400 --- [msPedidos-test] [           main] com.netflix.discovery.DiscoveryClient    : Registered Applications size is zero : true
2026-05-18T23:14:44.609-04:00  INFO 34400 --- [msPedidos-test] [           main] com.netflix.discovery.DiscoveryClient    : Application version is -1: true
2026-05-18T23:14:44.609-04:00  INFO 34400 --- [msPedidos-test] [           main] com.netflix.discovery.DiscoveryClient    : Getting all instance registry info from the eureka server
2026-05-18T23:14:44.920-04:00  INFO 34400 --- [msPedidos-test] [           main] com.netflix.discovery.DiscoveryClient    : The response status is 200
2026-05-18T23:14:44.922-04:00  INFO 34400 --- [msPedidos-test] [           main] com.netflix.discovery.DiscoveryClient    : Starting heartbeat executor: renew interval is: 30
2026-05-18T23:14:44.923-04:00  INFO 34400 --- [msPedidos-test] [           main] c.n.discovery.InstanceInfoReplicator     : InstanceInfoReplicator onDemand update allowed rate per min is 4
2026-05-18T23:14:44.925-04:00  INFO 34400 --- [msPedidos-test] [           main] com.netflix.discovery.DiscoveryClient    : Discovery Client initialized at timestamp 1779160484924 with initial instances count: 5
2026-05-18T23:14:44.936-04:00  INFO 34400 --- [msPedidos-test] [           main] o.s.c.n.e.s.EurekaServiceRegistry        : Registering application MSPEDIDOS-TEST with eureka with status UP
2026-05-18T23:14:44.937-04:00  INFO 34400 --- [msPedidos-test] [           main] com.netflix.discovery.DiscoveryClient    : Saw local status change event StatusChangeEvent [timestamp=1779160484937, current=UP, previous=STARTING]
2026-05-18T23:14:44.939-04:00  INFO 34400 --- [msPedidos-test] [foReplicator-%d] com.netflix.discovery.DiscoveryClient    : DiscoveryClient_MSPEDIDOS-TEST/msPedidos-test:${server.port}: registering service...
2026-05-18T23:14:44.952-04:00  INFO 34400 --- [msPedidos-test] [           main] c.s.msPedidos.MsPedidosApplicationTests  : Started MsPedidosApplicationTests in 7.44 seconds (process running for 8.315)
2026-05-18T23:14:44.971-04:00  INFO 34400 --- [msPedidos-test] [foReplicator-%d] com.netflix.discovery.DiscoveryClient    : DiscoveryClient_MSPEDIDOS-TEST/msPedidos-test:${server.port} - registration status: 204
]]></system-out>
    <system-err><![CDATA[WARNING: A Java agent has been loaded dynamically (C:\Users\gubif\.m2\repository\net\bytebuddy\byte-buddy-agent\1.14.19\byte-buddy-agent-1.14.19.jar)
WARNING: If a serviceability tool is in use, please run with -XX:+EnableDynamicAgentLoading to hide this warning
WARNING: If a serviceability tool is not in use, please run with -Djdk.instrument.traceUsage for more information
WARNING: Dynamic loading of agents will be disallowed by default in a future release
]]></system-err>
  </testcase>
</testsuite>